


Processing ApplicationController#index (for 127.0.0.1 at 2010-07-14 19:16:02) [GET]

ActionController::RoutingError (No route matches "/" with {:method=>:get}):
  

Rendering rescues/layout (not_found)


Processing ApplicationController#index (for 127.0.0.1 at 2010-07-14 19:16:03) [GET]

ActionController::RoutingError (No route matches "/" with {:method=>:get}):
  

Rendering rescues/layout (not_found)


Processing UnderConstructionController#index (for 127.0.0.1 at 2010-07-14 19:17:00) [GET]

ActiveRecord::StatementInvalid (Could not find table 'news_letters'):
  app/controllers/under_construction_controller.rb:3:in `new'
  app/controllers/under_construction_controller.rb:3:in `index'

Rendered rescues/_trace (101.2ms)
Rendered rescues/_request_and_response (1.3ms)
Rendering rescues/layout (internal_server_error)
  [4;36;1mSQL (0.1ms)[0m   [0;1mSET NAMES 'utf8'[0m
  [4;35;1mSQL (0.1ms)[0m   [0mSET SQL_AUTO_IS_NULL=0[0m
  [4;36;1mSQL (0.3ms)[0m   [0;1mSHOW TABLES[0m
  [4;35;1mSQL (90.4ms)[0m   [0mCREATE TABLE `schema_migrations` (`version` varchar(255) NOT NULL) ENGINE=InnoDB[0m
  [4;36;1mSQL (210.7ms)[0m   [0;1mCREATE UNIQUE INDEX `unique_schema_migrations` ON `schema_migrations` (`version`)[0m
  [4;35;1mSQL (0.3ms)[0m   [0mSHOW TABLES[0m
  [4;36;1mSQL (0.3ms)[0m   [0;1mSELECT version FROM schema_migrations[0m
Migrating to CreatePages (20100430170857)
  [4;35;1mSQL (120.1ms)[0m   [0mCREATE TABLE `pages` (`id` int(11) DEFAULT NULL auto_increment PRIMARY KEY, `pos` int(11), `parent_page_id` int(11), `content` text, `created_at` datetime, `updated_at` datetime) ENGINE=InnoDB[0m
  [4;36;1mSQL (0.7ms)[0m   [0;1mINSERT INTO schema_migrations (version) VALUES ('20100430170857')[0m
Migrating to PageUpdate (20100430173240)
  [4;35;1mSQL (121.5ms)[0m   [0mALTER TABLE `pages` ADD `title` varchar(255)[0m
  [4;36;1mSQL (0.6ms)[0m   [0;1mINSERT INTO schema_migrations (version) VALUES ('20100430173240')[0m
Migrating to CreateFaqs (20100430185721)
  [4;35;1mSQL (106.5ms)[0m   [0mCREATE TABLE `faqs` (`id` int(11) DEFAULT NULL auto_increment PRIMARY KEY, `lang` varchar(255), `question` text, `answer` text, `created_at` datetime, `updated_at` datetime) ENGINE=InnoDB[0m
  [4;36;1mSQL (0.6ms)[0m   [0;1mINSERT INTO schema_migrations (version) VALUES ('20100430185721')[0m
Migrating to CreateNewsLetters (20100622083717)
  [4;35;1mSQL (107.1ms)[0m   [0mCREATE TABLE `news_letters` (`id` int(11) DEFAULT NULL auto_increment PRIMARY KEY, `email` varchar(255), `created_at` datetime, `updated_at` datetime) ENGINE=InnoDB[0m
  [4;36;1mSQL (0.5ms)[0m   [0;1mINSERT INTO schema_migrations (version) VALUES ('20100622083717')[0m
  [4;35;1mSQL (0.5ms)[0m   [0mSHOW TABLES[0m
  [4;36;1mSQL (0.2ms)[0m   [0;1mSELECT version FROM schema_migrations[0m
  [4;35;1mSQL (0.6ms)[0m   [0mSHOW TABLES[0m
  [4;36;1mSQL (1.4ms)[0m   [0;1mSHOW FIELDS FROM `faqs`[0m
  [4;35;1mSQL (1.2ms)[0m   [0mdescribe `faqs`[0m
  [4;36;1mSQL (0.3ms)[0m   [0;1mSHOW KEYS FROM `faqs`[0m
  [4;35;1mSQL (1.1ms)[0m   [0mSHOW FIELDS FROM `news_letters`[0m
  [4;36;1mSQL (1.1ms)[0m   [0;1mdescribe `news_letters`[0m
  [4;35;1mSQL (0.3ms)[0m   [0mSHOW KEYS FROM `news_letters`[0m
  [4;36;1mSQL (1.1ms)[0m   [0;1mSHOW FIELDS FROM `pages`[0m
  [4;35;1mSQL (1.5ms)[0m   [0mdescribe `pages`[0m
  [4;36;1mSQL (1.9ms)[0m   [0;1mSHOW KEYS FROM `pages`[0m
  [4;36;1mSQL (0.1ms)[0m   [0;1mSET NAMES 'utf8'[0m
  [4;35;1mSQL (0.1ms)[0m   [0mSET SQL_AUTO_IS_NULL=0[0m


Processing UnderConstructionController#index (for 127.0.0.1 at 2010-07-14 19:32:44) [GET]
  [4;36;1mNewsLetter Columns (1.3ms)[0m   [0;1mSHOW FIELDS FROM `news_letters`[0m
Rendering template within layouts/under_construction
Rendering under_construction/index
Completed in 80ms (View: 74, DB: 2) | 200 OK [http://localhost/]
  [4;35;1mSQL (0.1ms)[0m   [0mSET NAMES 'utf8'[0m
  [4;36;1mSQL (1.6ms)[0m   [0;1mSET SQL_AUTO_IS_NULL=0[0m


Processing ApplicationController#index (for 127.0.0.1 at 2010-07-14 19:32:44) [GET]

ActionController::RoutingError (No route matches "/stylesheets/style.css" with {:method=>:get}):
  

Rendering rescues/layout (not_found)
  [4;35;1mSQL (0.1ms)[0m   [0mSET NAMES 'utf8'[0m
  [4;36;1mSQL (0.1ms)[0m   [0;1mSET SQL_AUTO_IS_NULL=0[0m


Processing ApplicationController#index (for 127.0.0.1 at 2010-07-14 19:32:44) [GET]

ActionController::RoutingError (No route matches "/javascripts/jquery.countdown.js" with {:method=>:get}):
  

Rendering rescues/layout (not_found)
  [4;35;1mSQL (0.1ms)[0m   [0mSET NAMES 'utf8'[0m
  [4;36;1mSQL (0.1ms)[0m   [0;1mSET SQL_AUTO_IS_NULL=0[0m


Processing ApplicationController#index (for 127.0.0.1 at 2010-07-14 19:32:44) [GET]

ActionController::RoutingError (No route matches "/javascripts/jcarousellite1.0.1_min.js" with {:method=>:get}):
  

Rendering rescues/layout (not_found)
  [4;35;1mSQL (0.1ms)[0m   [0mSET NAMES 'utf8'[0m
  [4;36;1mSQL (0.1ms)[0m   [0;1mSET SQL_AUTO_IS_NULL=0[0m


Processing ApplicationController#index (for 127.0.0.1 at 2010-07-14 19:32:44) [GET]

ActionController::RoutingError (No route matches "/images/logo_buble.png" with {:method=>:get}):
  

Rendering rescues/layout (not_found)
  [4;35;1mSQL (0.1ms)[0m   [0mSET NAMES 'utf8'[0m
  [4;36;1mSQL (0.1ms)[0m   [0;1mSET SQL_AUTO_IS_NULL=0[0m


Processing UnderConstructionController#index (for 127.0.0.1 at 2010-07-14 19:33:16) [GET]
  [4;35;1mNewsLetter Columns (1.3ms)[0m   [0mSHOW FIELDS FROM `news_letters`[0m
Rendering template within layouts/under_construction
Rendering under_construction/index
Completed in 9ms (View: 4, DB: 1) | 200 OK [http://localhost/]
  [4;36;1mSQL (0.1ms)[0m   [0;1mSET NAMES 'utf8'[0m
  [4;35;1mSQL (0.1ms)[0m   [0mSET SQL_AUTO_IS_NULL=0[0m


Processing UnderConstructionController#index (for 127.0.0.1 at 2010-07-14 19:34:54) [GET]
  [4;36;1mNewsLetter Columns (1.1ms)[0m   [0;1mSHOW FIELDS FROM `news_letters`[0m
Rendering template within layouts/under_construction
Rendering under_construction/index
Completed in 14ms (View: 9, DB: 1) | 200 OK [http://localhost/]
  [4;35;1mSQL (0.1ms)[0m   [0mSET NAMES 'utf8'[0m
  [4;36;1mSQL (0.1ms)[0m   [0;1mSET SQL_AUTO_IS_NULL=0[0m


Processing UnderConstructionController#index (for 127.0.0.1 at 2010-07-14 19:35:21) [GET]
  [4;35;1mNewsLetter Columns (1.3ms)[0m   [0mSHOW FIELDS FROM `news_letters`[0m
Rendering template within layouts/under_construction
Rendering under_construction/index
Completed in 15ms (View: 9, DB: 2) | 200 OK [http://localhost/]
  [4;36;1mSQL (62.6ms)[0m   [0;1mSET NAMES 'utf8'[0m
  [4;35;1mSQL (13.9ms)[0m   [0mSET SQL_AUTO_IS_NULL=0[0m


Processing UnderConstructionController#index (for 127.0.0.1 at 2010-07-27 16:02:52) [GET]
  [4;36;1mNewsLetter Columns (249.9ms)[0m   [0;1mSHOW FIELDS FROM `news_letters`[0m
Rendering template within layouts/under_construction
Rendering under_construction/index
Completed in 293ms (View: 38, DB: 326) | 200 OK [http://localhost/]
  [4;35;1mSQL (0.1ms)[0m   [0mSET NAMES 'utf8'[0m
  [4;36;1mSQL (0.1ms)[0m   [0;1mSET SQL_AUTO_IS_NULL=0[0m


Processing PagesController#index (for 127.0.0.1 at 2010-07-27 16:04:20) [GET]
Rendering template within layouts/pages
Rendering pages/index
Completed in 19ms (View: 17, DB: 0) | 200 OK [http://localhost/]
  [4;35;1mSQL (0.1ms)[0m   [0mSET NAMES 'utf8'[0m
  [4;36;1mSQL (0.2ms)[0m   [0;1mSET SQL_AUTO_IS_NULL=0[0m


Processing PagesController#index (for 127.0.0.1 at 2010-07-27 16:05:02) [GET]
Rendering template within layouts/pages
Rendering pages/index
Completed in 58ms (View: 56, DB: 0) | 200 OK [http://localhost/]
  [4;35;1mSQL (0.3ms)[0m   [0mSET NAMES 'utf8'[0m
  [4;36;1mSQL (0.1ms)[0m   [0;1mSET SQL_AUTO_IS_NULL=0[0m


Processing PagesController#index (for 127.0.0.1 at 2010-07-27 16:05:52) [GET]
Rendering template within layouts/pages
Rendering pages/index
Completed in 6ms (View: 5, DB: 0) | 200 OK [http://localhost/]
  [4;35;1mSQL (0.1ms)[0m   [0mSET NAMES 'utf8'[0m
  [4;36;1mSQL (0.1ms)[0m   [0;1mSET SQL_AUTO_IS_NULL=0[0m


Processing PagesController#index (for 127.0.0.1 at 2010-07-27 16:07:28) [GET]
Rendering template within layouts/pages
Rendering pages/index
Completed in 9ms (View: 8, DB: 0) | 200 OK [http://localhost/]
  [4;35;1mSQL (0.2ms)[0m   [0mSET NAMES 'utf8'[0m
  [4;36;1mSQL (0.1ms)[0m   [0;1mSET SQL_AUTO_IS_NULL=0[0m


Processing PagesController#index (for 127.0.0.1 at 2010-07-27 16:09:53) [GET]
Rendering template within layouts/pages
Rendering pages/index
Completed in 9ms (View: 8, DB: 0) | 200 OK [http://localhost/]
  [4;35;1mSQL (0.1ms)[0m   [0mSET NAMES 'utf8'[0m
  [4;36;1mSQL (0.1ms)[0m   [0;1mSET SQL_AUTO_IS_NULL=0[0m


Processing PagesController#index (for 127.0.0.1 at 2010-07-27 16:10:30) [GET]
Rendering template within layouts/pages
Rendering pages/index
Completed in 10ms (View: 8, DB: 0) | 200 OK [http://localhost/]
  [4;35;1mSQL (0.2ms)[0m   [0mSET NAMES 'utf8'[0m
  [4;36;1mSQL (0.1ms)[0m   [0;1mSET SQL_AUTO_IS_NULL=0[0m


Processing PagesController#index (for 127.0.0.1 at 2010-07-27 16:11:48) [GET]
Rendering template within layouts/pages
Rendering pages/index
Completed in 11ms (View: 10, DB: 0) | 200 OK [http://localhost/]
  [4;35;1mSQL (0.2ms)[0m   [0mSET NAMES 'utf8'[0m
  [4;36;1mSQL (0.1ms)[0m   [0;1mSET SQL_AUTO_IS_NULL=0[0m


Processing PagesController#honey (for 127.0.0.1 at 2010-07-27 16:11:50) [GET]
  Parameters: {"collection"=>{"acacia_honey"=>:get, "contact"=>:get, "honey_wine"=>:get, "about_us"=>:get, "index"=>:get, "honey"=>:get}}
Rendering template within layouts/pages
Rendering pages/honey
Completed in 11ms (View: 10, DB: 0) | 200 OK [http://localhost/honey]
  [4;35;1mSQL (0.1ms)[0m   [0mSET NAMES 'utf8'[0m
  [4;36;1mSQL (0.1ms)[0m   [0;1mSET SQL_AUTO_IS_NULL=0[0m


Processing PagesController#index (for 127.0.0.1 at 2010-07-27 16:11:51) [GET]
Rendering template within layouts/pages
Rendering pages/index
Completed in 6ms (View: 5, DB: 0) | 200 OK [http://localhost/]
  [4;35;1mSQL (0.1ms)[0m   [0mSET NAMES 'utf8'[0m
  [4;36;1mSQL (0.1ms)[0m   [0;1mSET SQL_AUTO_IS_NULL=0[0m


Processing PagesController#index (for 127.0.0.1 at 2010-07-27 16:12:12) [GET]
Rendering template within layouts/pages
Rendering pages/index
Completed in 12ms (View: 11, DB: 0) | 200 OK [http://localhost/]
  [4;35;1mSQL (0.1ms)[0m   [0mSET NAMES 'utf8'[0m
  [4;36;1mSQL (0.1ms)[0m   [0;1mSET SQL_AUTO_IS_NULL=0[0m


Processing PagesController#index (for 127.0.0.1 at 2010-07-27 16:13:32) [GET]
Rendering template within layouts/pages
Rendering pages/index
Completed in 11ms (View: 9, DB: 0) | 200 OK [http://localhost/]
  [4;35;1mSQL (0.1ms)[0m   [0mSET NAMES 'utf8'[0m
  [4;36;1mSQL (0.1ms)[0m   [0;1mSET SQL_AUTO_IS_NULL=0[0m


Processing PagesController#index (for 127.0.0.1 at 2010-07-27 16:14:28) [GET]
Rendering template within layouts/pages
Rendering pages/index
Completed in 13ms (View: 12, DB: 0) | 200 OK [http://localhost/]
  [4;35;1mSQL (0.1ms)[0m   [0mSET NAMES 'utf8'[0m
  [4;36;1mSQL (0.1ms)[0m   [0;1mSET SQL_AUTO_IS_NULL=0[0m


Processing PagesController#about_us (for 127.0.0.1 at 2010-07-27 16:14:30) [GET]
  Parameters: {"collection"=>{"acacia_honey"=>:get, "contact"=>:get, "honey_wine"=>:get, "about_us"=>:get, "index"=>:get, "honey"=>:get}}
Rendering template within layouts/pages
Rendering pages/about_us
Completed in 13ms (View: 11, DB: 0) | 200 OK [http://localhost/about_us]
  [4;35;1mSQL (0.1ms)[0m   [0mSET NAMES 'utf8'[0m
  [4;36;1mSQL (0.1ms)[0m   [0;1mSET SQL_AUTO_IS_NULL=0[0m


Processing PagesController#contact (for 127.0.0.1 at 2010-07-27 16:14:31) [GET]
  Parameters: {"collection"=>{"acacia_honey"=>:get, "contact"=>:get, "honey_wine"=>:get, "about_us"=>:get, "index"=>:get, "honey"=>:get}}
Rendering template within layouts/pages
Rendering pages/contact
Completed in 13ms (View: 11, DB: 0) | 200 OK [http://localhost/contact]
  [4;36;1mSQL (0.1ms)[0m   [0;1mSET NAMES 'utf8'[0m
  [4;35;1mSQL (0.1ms)[0m   [0mSET SQL_AUTO_IS_NULL=0[0m


Processing PagesController#contact (for 127.0.0.1 at 2010-07-27 16:33:52) [GET]
  Parameters: {"collection"=>{"acacia_honey"=>:get, "contact"=>:get, "honey_wine"=>:get, "about_us"=>:get, "index"=>:get, "honey"=>:get}}
Rendering template within layouts/pages
Rendering pages/contact
Completed in 88ms (View: 86, DB: 0) | 200 OK [http://localhost/contact]
  [4;36;1mSQL (0.2ms)[0m   [0;1mSET NAMES 'utf8'[0m
  [4;35;1mSQL (0.1ms)[0m   [0mSET SQL_AUTO_IS_NULL=0[0m


Processing PagesController#honey_wine (for 127.0.0.1 at 2010-07-27 16:33:55) [GET]
  Parameters: {"collection"=>{"acacia_honey"=>:get, "contact"=>:get, "honey_wine"=>:get, "about_us"=>:get, "index"=>:get, "honey"=>:get}}
Rendering template within layouts/pages
Rendering pages/honey_wine
Completed in 12ms (View: 10, DB: 0) | 200 OK [http://localhost/honey_wine]
  [4;36;1mSQL (0.1ms)[0m   [0;1mSET NAMES 'utf8'[0m
  [4;35;1mSQL (0.1ms)[0m   [0mSET SQL_AUTO_IS_NULL=0[0m


Processing PagesController#index (for 127.0.0.1 at 2010-07-27 16:33:57) [GET]
Rendering template within layouts/pages
Rendering pages/index
Completed in 10ms (View: 9, DB: 0) | 200 OK [http://localhost/]
  [4;36;1mSQL (0.2ms)[0m   [0;1mSET NAMES 'utf8'[0m
  [4;35;1mSQL (0.1ms)[0m   [0mSET SQL_AUTO_IS_NULL=0[0m


Processing PagesController#index (for 127.0.0.1 at 2010-07-27 16:39:05) [GET]
Rendering template within layouts/pages
Rendering pages/index
Completed in 7ms (View: 6, DB: 0) | 200 OK [http://localhost/]
  [4;36;1mSQL (0.1ms)[0m   [0;1mSET NAMES 'utf8'[0m
  [4;35;1mSQL (0.1ms)[0m   [0mSET SQL_AUTO_IS_NULL=0[0m


Processing PagesController#index (for 127.0.0.1 at 2010-07-27 16:39:09) [GET]
Rendering template within layouts/pages
Rendering pages/index
Completed in 62ms (View: 60, DB: 0) | 200 OK [http://localhost/]
  [4;36;1mSQL (0.1ms)[0m   [0;1mSET NAMES 'utf8'[0m
  [4;35;1mSQL (0.1ms)[0m   [0mSET SQL_AUTO_IS_NULL=0[0m


Processing PagesController#index (for 127.0.0.1 at 2010-07-27 16:44:02) [GET]
Rendering template within layouts/pages
Rendering pages/index
Completed in 11ms (View: 10, DB: 0) | 200 OK [http://localhost/]
  [4;36;1mSQL (0.1ms)[0m   [0;1mSET NAMES 'utf8'[0m
  [4;35;1mSQL (0.1ms)[0m   [0mSET SQL_AUTO_IS_NULL=0[0m


Processing PagesController#index (for 127.0.0.1 at 2010-07-27 16:45:21) [GET]
Rendering template within layouts/pages
Rendering pages/index
Completed in 13ms (View: 11, DB: 0) | 200 OK [http://localhost/]
  [4;36;1mSQL (0.1ms)[0m   [0;1mSET NAMES 'utf8'[0m
  [4;35;1mSQL (0.1ms)[0m   [0mSET SQL_AUTO_IS_NULL=0[0m


Processing PagesController#index (for 127.0.0.1 at 2010-07-27 16:46:49) [GET]
Rendering template within layouts/pages
Rendering pages/index
Completed in 7ms (View: 5, DB: 0) | 200 OK [http://localhost/]
  [4;36;1mSQL (0.2ms)[0m   [0;1mSET NAMES 'utf8'[0m
  [4;35;1mSQL (0.3ms)[0m   [0mSET SQL_AUTO_IS_NULL=0[0m


Processing PagesController#index (for 127.0.0.1 at 2010-07-27 16:47:21) [GET]
Rendering template within layouts/pages
Rendering pages/index
Completed in 7ms (View: 6, DB: 1) | 200 OK [http://localhost/]
  [4;36;1mSQL (0.1ms)[0m   [0;1mSET NAMES 'utf8'[0m
  [4;35;1mSQL (0.3ms)[0m   [0mSET SQL_AUTO_IS_NULL=0[0m


Processing PagesController#index (for 127.0.0.1 at 2010-07-27 16:47:38) [GET]
Rendering template within layouts/pages
Rendering pages/index
Completed in 7ms (View: 6, DB: 0) | 200 OK [http://localhost/]
  [4;36;1mSQL (0.2ms)[0m   [0;1mSET NAMES 'utf8'[0m
  [4;35;1mSQL (0.1ms)[0m   [0mSET SQL_AUTO_IS_NULL=0[0m


Processing PagesController#index (for 127.0.0.1 at 2010-07-27 16:54:56) [GET]
Rendering template within layouts/pages
Rendering pages/index
Completed in 7ms (View: 5, DB: 0) | 200 OK [http://localhost/]
  [4;36;1mSQL (0.1ms)[0m   [0;1mSET NAMES 'utf8'[0m
  [4;35;1mSQL (0.1ms)[0m   [0mSET SQL_AUTO_IS_NULL=0[0m


Processing PagesController#index (for 127.0.0.1 at 2010-07-27 16:55:15) [GET]
Rendering template within layouts/pages
Rendering pages/index
Completed in 8ms (View: 6, DB: 0) | 200 OK [http://localhost/]
  [4;36;1mSQL (0.1ms)[0m   [0;1mSET NAMES 'utf8'[0m
  [4;35;1mSQL (0.1ms)[0m   [0mSET SQL_AUTO_IS_NULL=0[0m


Processing PagesController#index (for 127.0.0.1 at 2010-07-27 16:56:03) [GET]
Rendering template within layouts/pages
Rendering pages/index
Completed in 56ms (View: 54, DB: 0) | 200 OK [http://localhost/]
  [4;36;1mSQL (0.1ms)[0m   [0;1mSET NAMES 'utf8'[0m
  [4;35;1mSQL (0.1ms)[0m   [0mSET SQL_AUTO_IS_NULL=0[0m


Processing PagesController#index (for 127.0.0.1 at 2010-07-27 16:56:19) [GET]
Rendering template within layouts/pages
Rendering pages/index
Completed in 8ms (View: 6, DB: 0) | 200 OK [http://localhost/]
  [4;36;1mSQL (0.1ms)[0m   [0;1mSET NAMES 'utf8'[0m
  [4;35;1mSQL (0.1ms)[0m   [0mSET SQL_AUTO_IS_NULL=0[0m


Processing PagesController#index (for 127.0.0.1 at 2010-07-27 17:07:46) [GET]
Rendering template within layouts/pages
Rendering pages/index
Completed in 7ms (View: 6, DB: 0) | 200 OK [http://localhost/]
  [4;36;1mSQL (0.1ms)[0m   [0;1mSET NAMES 'utf8'[0m
  [4;35;1mSQL (0.1ms)[0m   [0mSET SQL_AUTO_IS_NULL=0[0m


Processing PagesController#index (for 127.0.0.1 at 2010-07-27 17:08:36) [GET]
Rendering template within layouts/pages
Rendering pages/index
Completed in 7ms (View: 5, DB: 0) | 200 OK [http://localhost/]
  [4;36;1mSQL (0.1ms)[0m   [0;1mSET NAMES 'utf8'[0m
  [4;35;1mSQL (0.1ms)[0m   [0mSET SQL_AUTO_IS_NULL=0[0m


Processing PagesController#index (for 127.0.0.1 at 2010-07-27 17:09:16) [GET]
Rendering template within layouts/pages
Rendering pages/index
Completed in 11ms (View: 9, DB: 0) | 200 OK [http://localhost/]
  [4;36;1mSQL (0.1ms)[0m   [0;1mSET NAMES 'utf8'[0m
  [4;35;1mSQL (0.1ms)[0m   [0mSET SQL_AUTO_IS_NULL=0[0m


Processing PagesController#index (for 127.0.0.1 at 2010-07-27 18:31:11) [GET]
Rendering template within layouts/pages
Rendering pages/index
Completed in 32ms (View: 30, DB: 0) | 200 OK [http://localhost/]
  [4;36;1mSQL (0.1ms)[0m   [0;1mSET NAMES 'utf8'[0m
  [4;35;1mSQL (0.1ms)[0m   [0mSET SQL_AUTO_IS_NULL=0[0m


Processing PagesController#index (for 127.0.0.1 at 2010-07-27 18:33:08) [GET]
Rendering template within layouts/pages
Rendering pages/index
Completed in 12ms (View: 10, DB: 0) | 200 OK [http://localhost/]
  [4;36;1mSQL (0.1ms)[0m   [0;1mSET NAMES 'utf8'[0m
  [4;35;1mSQL (0.1ms)[0m   [0mSET SQL_AUTO_IS_NULL=0[0m


Processing PagesController#index (for 127.0.0.1 at 2010-07-27 18:33:38) [GET]
Rendering template within layouts/pages
Rendering pages/index
Completed in 7ms (View: 6, DB: 0) | 200 OK [http://localhost/]
  [4;36;1mSQL (0.1ms)[0m   [0;1mSET NAMES 'utf8'[0m
  [4;35;1mSQL (0.1ms)[0m   [0mSET SQL_AUTO_IS_NULL=0[0m


Processing PagesController#index (for 127.0.0.1 at 2010-07-27 18:34:41) [GET]
Rendering template within layouts/pages
Rendering pages/index
Completed in 7ms (View: 6, DB: 0) | 200 OK [http://localhost/]
